<?xml version="1.0" encoding="UTF-8"?>
<testsuite name="TomorrowIoTests" tests="1" skipped="0" failures="0" errors="0" timestamp="2022-05-06T19:28:31" hostname="DESKTOP-GP8BOQD" time="1.573">
  <properties/>
  <testcase name="getWeatherData test on tomorrowIo()" classname="TomorrowIoTests" time="1.573"/>
  <system-out><![CDATA[]]></system-out>
  <system-err><![CDATA[]]></system-err>
</testsuite>
