<?xml version="1.0" encoding="UTF-8"?>
<testsuite name="WeatherDataFormatterTests" tests="2" skipped="0" failures="0" errors="0" timestamp="2022-05-06T19:28:28" hostname="DESKTOP-GP8BOQD" time="0.195">
  <properties/>
  <testcase name="makePrintableWeatherDataTest()" classname="WeatherDataFormatterTests" time="0.194"/>
  <testcase name="formatWeatherDataTest()" classname="WeatherDataFormatterTests" time="0.001"/>
  <system-out><![CDATA[]]></system-out>
  <system-err><![CDATA[]]></system-err>
</testsuite>
