<?xml version="1.0" encoding="UTF-8"?>
<testsuite name="bmpFiltersTests.BmpFiltersTests" tests="10" skipped="0" failures="0" errors="0" timestamp="2022-03-07T11:36:03" hostname="DESKTOP-GP8BOQD" time="5.907">
  <properties/>
  <testcase name="sobelXTest24()" classname="bmpFiltersTests.BmpFiltersTests" time="0.71"/>
  <testcase name="sobelXTest32()" classname="bmpFiltersTests.BmpFiltersTests" time="0.49"/>
  <testcase name="sobelYTest24()" classname="bmpFiltersTests.BmpFiltersTests" time="0.545"/>
  <testcase name="sobelYTest32()" classname="bmpFiltersTests.BmpFiltersTests" time="0.449"/>
  <testcase name="medianTest24()" classname="bmpFiltersTests.BmpFiltersTests" time="1.492"/>
  <testcase name="medianTest32()" classname="bmpFiltersTests.BmpFiltersTests" time="1.237"/>
  <testcase name="gaussTest24()" classname="bmpFiltersTests.BmpFiltersTests" time="0.424"/>
  <testcase name="gaussTest32()" classname="bmpFiltersTests.BmpFiltersTests" time="0.385"/>
  <testcase name="grayTest24()" classname="bmpFiltersTests.BmpFiltersTests" time="0.102"/>
  <testcase name="grayTest32()" classname="bmpFiltersTests.BmpFiltersTests" time="0.068"/>
  <system-out><![CDATA[]]></system-out>
  <system-err><![CDATA[]]></system-err>
</testsuite>
