<?xml version="1.0" encoding="UTF-8"?>
<testsuite name="SimpleBashInterpreterTests" tests="5" skipped="0" failures="0" errors="0" timestamp="2022-09-08T21:12:34" hostname="DESKTOP-GP8BOQD" time="0.121">
  <properties/>
  <testcase name="performing assignments and display variables()" classname="SimpleBashInterpreterTests" time="0.098"/>
  <testcase name="getting a working directory()" classname="SimpleBashInterpreterTests" time="0.004"/>
  <testcase name="getting the file contents()" classname="SimpleBashInterpreterTests" time="0.005"/>
  <testcase name="getting information about a file()" classname="SimpleBashInterpreterTests" time="0.002"/>
  <testcase name="pipelined processing()" classname="SimpleBashInterpreterTests" time="0.001"/>
  <system-out><![CDATA[]]></system-out>
  <system-err><![CDATA[]]></system-err>
</testsuite>
