<?xml version="1.0" encoding="UTF-8"?>
<testsuite name="OpenweathermapOrgTests" tests="1" skipped="0" failures="0" errors="0" timestamp="2022-05-06T19:28:22" hostname="DESKTOP-GP8BOQD" time="1.36">
  <properties/>
  <testcase name="getWeatherData test on openweathermapOrg()" classname="OpenweathermapOrgTests" time="1.36"/>
  <system-out><![CDATA[]]></system-out>
  <system-err><![CDATA[]]></system-err>
</testsuite>
